Using pre-set license
Built from '2020.3/staging' branch; Version is '2020.3.28f1 (f5400f52e03f) revision 16072719'; Using compiler version '192528614'; Build Type 'Release'
OS: 'Windows 10  (10.0.19043) 64bit CoreSingleLanguage' Language: 'en' Physical Memory: 3979 MB
BatchMode: 1, IsHumanControllingUs: 0, StartBugReporterOnCrash: 0, Is64bit: 1, IsPro: 0

COMMAND LINE ARGUMENTS:
C:\Program Files\Unity\Hub\Editor\2020.3.28f1\Editor\Unity.exe
-adb2
-batchMode
-noUpm
-name
AssetImportWorker0
-projectPath
E:/Shopping items
-logFile
Logs/AssetImportWorker0.log
-srvPort
53354
Successfully changed project path to: E:/Shopping items
E:/Shopping items
Using Asset Import Pipeline V2.
Refreshing native plugins compatible for Editor in 93.39 ms, found 3 plugins.
Preloading 0 native plugins for Editor in 0.00 ms.
Initialize engine version: 2020.3.28f1 (f5400f52e03f)
[Subsystems] Discovering subsystems at path C:/Program Files/Unity/Hub/Editor/2020.3.28f1/Editor/Data/Resources/UnitySubsystems
[Subsystems] Discovering subsystems at path E:/Shopping items/Assets
GfxDevice: creating device client; threaded=0
Direct3D:
    Version:  Direct3D 11.0 [level 11.1]
    Renderer: Intel(R) HD Graphics 620 (ID=0x5916)
    Vendor:   
    VRAM:     1989 MB
    Driver:   27.20.100.8681
Initialize mono
Mono path[0] = 'C:/Program Files/Unity/Hub/Editor/2020.3.28f1/Editor/Data/Managed'
Mono path[1] = 'C:/Program Files/Unity/Hub/Editor/2020.3.28f1/Editor/Data/MonoBleedingEdge/lib/mono/unityjit'
Mono config path = 'C:/Program Files/Unity/Hub/Editor/2020.3.28f1/Editor/Data/MonoBleedingEdge/etc'
Using monoOptions --debugger-agent=transport=dt_socket,embedding=1,server=y,suspend=n,address=127.0.0.1:56116
Begin MonoManager ReloadAssembly
Registering precompiled unity dll's ...
Register platform support module: C:/Program Files/Unity/Hub/Editor/2020.3.28f1/Editor/Data/PlaybackEngines/WebGLSupport/UnityEditor.WebGL.Extensions.dll
Register platform support module: C:/Program Files/Unity/Hub/Editor/2020.3.28f1/Editor/Data/PlaybackEngines/WindowsStandaloneSupport/UnityEditor.WindowsStandalone.Extensions.dll
Registered in 0.011367 seconds.
Native extension for WindowsStandalone target not found
Native extension for WebGL target not found
Refreshing native plugins compatible for Editor in 68.36 ms, found 3 plugins.
Preloading 0 native plugins for Editor in 0.00 ms.
Mono: successfully reloaded assembly
- Completed reload, in  1.199 seconds
Domain Reload Profiling:
	ReloadAssembly (1199ms)
		BeginReloadAssembly (264ms)
			ExecutionOrderSort (0ms)
			DisableScriptedObjects (0ms)
			BackupInstance (0ms)
			ReleaseScriptingObjects (0ms)
			CreateAndSetChildDomain (1ms)
		EndReloadAssembly (803ms)
			LoadAssemblies (262ms)
			RebuildTransferFunctionScriptingTraits (0ms)
			SetupTypeCache (271ms)
			ReleaseScriptCaches (0ms)
			RebuildScriptCaches (47ms)
			SetupLoadedEditorAssemblies (307ms)
				LogAssemblyErrors (0ms)
				InitializePlatformSupportModulesInManaged (8ms)
				SetLoadedEditorAssemblies (0ms)
				RefreshPlugins (68ms)
				BeforeProcessingInitializeOnLoad (59ms)
				ProcessInitializeOnLoadAttributes (127ms)
				ProcessInitializeOnLoadMethodAttributes (43ms)
				AfterProcessingInitializeOnLoad (0ms)
				EditorAssembliesLoaded (0ms)
			ExecutionOrderSort2 (0ms)
			AwakeInstancesAfterBackupRestoration (0ms)
Platform modules already initialized, skipping
Registering precompiled user dll's ...
Registered in 0.027810 seconds.
Begin MonoManager ReloadAssembly
Native extension for WindowsStandalone target not found
Native extension for WebGL target not found
Refreshing native plugins compatible for Editor in 71.57 ms, found 3 plugins.
Preloading 0 native plugins for Editor in 0.00 ms.
Mono: successfully reloaded assembly
- Completed reload, in  2.187 seconds
Domain Reload Profiling:
	ReloadAssembly (2188ms)
		BeginReloadAssembly (256ms)
			ExecutionOrderSort (0ms)
			DisableScriptedObjects (7ms)
			BackupInstance (0ms)
			ReleaseScriptingObjects (0ms)
			CreateAndSetChildDomain (28ms)
		EndReloadAssembly (1833ms)
			LoadAssemblies (287ms)
			RebuildTransferFunctionScriptingTraits (0ms)
			SetupTypeCache (549ms)
			ReleaseScriptCaches (1ms)
			RebuildScriptCaches (74ms)
			SetupLoadedEditorAssemblies (640ms)
				LogAssemblyErrors (0ms)
				InitializePlatformSupportModulesInManaged (9ms)
				SetLoadedEditorAssemblies (0ms)
				RefreshPlugins (72ms)
				BeforeProcessingInitializeOnLoad (157ms)
				ProcessInitializeOnLoadAttributes (359ms)
				ProcessInitializeOnLoadMethodAttributes (33ms)
				AfterProcessingInitializeOnLoad (10ms)
				EditorAssembliesLoaded (0ms)
			ExecutionOrderSort2 (0ms)
			AwakeInstancesAfterBackupRestoration (10ms)
Platform modules already initialized, skipping
========================================================================
Worker process is ready to serve import requests
Launched and connected shader compiler UnityShaderCompiler.exe after 0.17 seconds
Refreshing native plugins compatible for Editor in 0.60 ms, found 3 plugins.
Preloading 0 native plugins for Editor in 0.00 ms.
Unloading 2196 Unused Serialized files (Serialized files now loaded: 0)
System memory in use before: 95.9 MB.
System memory in use after: 95.8 MB.

Unloading 34 unused Assets to reduce memory usage. Loaded Objects now: 2623.
Total: 4.741400 ms (FindLiveObjects: 0.234400 ms CreateObjectMapping: 0.194700 ms MarkObjects: 4.112800 ms  DeleteObjects: 0.198200 ms)

AssetImportParameters requested are different than current active one (requested -> active):
  custom:framework-win-MediaFoundation: 216162199b28c13a410421893ffa2e32 -> 
  custom:video-decoder-ogg-theora: a1e56fd34408186e4bbccfd4996cb3dc -> 
  custom:container-muxer-webm: aa71ff27fc2769a1b78a27578f13a17b -> 
  custom:container-demuxer-webm: 4f35f7cbe854078d1ac9338744f61a02 -> 
  custom:container-demuxer-ogg: 62fdf1f143b41e24485cea50d1cbac27 -> 
  custom:video-encoder-webm-vp8: eb34c28f22e8b96e1ab97ce403110664 -> 
  custom:video-decoder-webm-vp8: 9c59270c3fd7afecdb556c50c9e8de78 -> 
  custom:audio-decoder-ogg-vorbis: bf7c407c2cedff20999df2af8eb42d56 -> 
  custom:audio-encoder-webm-vorbis: bf7c407c2cedff20999df2af8eb42d56 -> 
========================================================================
Received Import Request.
  path: Assets
  artifactKey: Guid(00000000000000001000000000000000) Importer(815301076,1909f56bfc062723c751e8b465ee728b)
Start importing Assets using Guid(00000000000000001000000000000000) Importer(815301076,1909f56bfc062723c751e8b465ee728b)  -> (artifact id: '42d402b061de3733987d63b9cc3b64de') in 0.015065 seconds 
  Import took 0.025568 seconds .

========================================================================
Received Import Request.
  Time since last request: 0.000386 seconds.
  path: Assets/Scenes
  artifactKey: Guid(131a6b21c8605f84396be9f6751fb6e3) Importer(815301076,1909f56bfc062723c751e8b465ee728b)
Start importing Assets/Scenes using Guid(131a6b21c8605f84396be9f6751fb6e3) Importer(815301076,1909f56bfc062723c751e8b465ee728b)  -> (artifact id: 'df75b7d1a31c5b4f73fd45661b403b04') in 0.015989 seconds 
  Import took 0.025345 seconds .

========================================================================
Received Import Request.
  Time since last request: 8.984974 seconds.
  path: Assets/Scipts
  artifactKey: Guid(8f1ffa39b466bad4790e189ea7dc965c) Importer(815301076,1909f56bfc062723c751e8b465ee728b)
Start importing Assets/Scipts using Guid(8f1ffa39b466bad4790e189ea7dc965c) Importer(815301076,1909f56bfc062723c751e8b465ee728b)  -> (artifact id: 'd1ee6085894d6b7d7df57ae7e17ce07c') in 0.021154 seconds 
  Import took 0.028623 seconds .

========================================================================
Received Import Request.
  Time since last request: 81.928066 seconds.
  path: Assets/Spirtes
  artifactKey: Guid(b4ba971b5f0c08148bf5c3d4a4f4f0f9) Importer(815301076,1909f56bfc062723c751e8b465ee728b)
Start importing Assets/Spirtes using Guid(b4ba971b5f0c08148bf5c3d4a4f4f0f9) Importer(815301076,1909f56bfc062723c751e8b465ee728b)  -> (artifact id: '3e6ef0044b6ab0b8a4f7e916af2fdf64') in 0.017580 seconds 
  Import took 0.026567 seconds .

========================================================================
Received Import Request.
  Time since last request: 9.289730 seconds.
  path: Assets/Prefabs
  artifactKey: Guid(751eb93af461ddd48bf38642edbd747e) Importer(815301076,1909f56bfc062723c751e8b465ee728b)
Start importing Assets/Prefabs using Guid(751eb93af461ddd48bf38642edbd747e) Importer(815301076,1909f56bfc062723c751e8b465ee728b)  -> (artifact id: 'f21286f480b171d4366e6de14de2d89d') in 0.018038 seconds 
  Import took 0.026979 seconds .

========================================================================
Received Import Request.
  Time since last request: 21.898727 seconds.
  path: Assets/Spirtes/coin.png
  artifactKey: Guid(0048dfb914c733c41aa9460bda588894) Importer(815301076,1909f56bfc062723c751e8b465ee728b)
Start importing Assets/Spirtes/coin.png using Guid(0048dfb914c733c41aa9460bda588894) Importer(815301076,1909f56bfc062723c751e8b465ee728b)  -> (artifact id: 'c72e7d927db987871379237d123e5073') in 0.212998 seconds 
  Import took 0.219989 seconds .

========================================================================
Received Import Request.
  Time since last request: 6.082418 seconds.
  path: Assets/Spirtes/girl.png
  artifactKey: Guid(2cc1e6c8fdec00c4f8e52b004b7b8d4e) Importer(815301076,1909f56bfc062723c751e8b465ee728b)
Start importing Assets/Spirtes/girl.png using Guid(2cc1e6c8fdec00c4f8e52b004b7b8d4e) Importer(815301076,1909f56bfc062723c751e8b465ee728b)  -> (artifact id: 'b8dca4b2c05dc1c4e6413244823fceec') in 0.054185 seconds 
  Import took 0.062122 seconds .

========================================================================
Received Import Request.
  Time since last request: 5.376586 seconds.
  path: Assets/Spirtes/rifle.png
  artifactKey: Guid(f21551112404c484281a1585727177b6) Importer(815301076,1909f56bfc062723c751e8b465ee728b)
Start importing Assets/Spirtes/rifle.png using Guid(f21551112404c484281a1585727177b6) Importer(815301076,1909f56bfc062723c751e8b465ee728b)  -> (artifact id: '1164e8e18b859653736b55c24f373771') in 0.050562 seconds 
  Import took 0.065335 seconds .

========================================================================
Received Import Request.
  Time since last request: 54.185489 seconds.
  path: Assets/Spirtes/background_cr.png
  artifactKey: Guid(3e488db86e8182d4eafbb39e95688d80) Importer(815301076,1909f56bfc062723c751e8b465ee728b)
Start importing Assets/Spirtes/background_cr.png using Guid(3e488db86e8182d4eafbb39e95688d80) Importer(815301076,1909f56bfc062723c751e8b465ee728b)  -> (artifact id: 'aff5a4f04c52c36a7dc365cd50d1186e') in 0.053318 seconds 
  Import took 0.061789 seconds .

========================================================================
Received Prepare
Registering precompiled user dll's ...
Registered in 0.010711 seconds.
Begin MonoManager ReloadAssembly
Native extension for WindowsStandalone target not found
Native extension for WebGL target not found
Refreshing native plugins compatible for Editor in 0.64 ms, found 3 plugins.
Preloading 0 native plugins for Editor in 0.00 ms.
Mono: successfully reloaded assembly
- Completed reload, in  1.492 seconds
Domain Reload Profiling:
	ReloadAssembly (1493ms)
		BeginReloadAssembly (169ms)
			ExecutionOrderSort (0ms)
			DisableScriptedObjects (9ms)
			BackupInstance (0ms)
			ReleaseScriptingObjects (0ms)
			CreateAndSetChildDomain (49ms)
		EndReloadAssembly (1235ms)
			LoadAssemblies (147ms)
			RebuildTransferFunctionScriptingTraits (0ms)
			SetupTypeCache (445ms)
			ReleaseScriptCaches (1ms)
			RebuildScriptCaches (62ms)
			SetupLoadedEditorAssemblies (440ms)
				LogAssemblyErrors (0ms)
				InitializePlatformSupportModulesInManaged (8ms)
				SetLoadedEditorAssemblies (1ms)
				RefreshPlugins (1ms)
				BeforeProcessingInitializeOnLoad (119ms)
				ProcessInitializeOnLoadAttributes (285ms)
				ProcessInitializeOnLoadMethodAttributes (16ms)
				AfterProcessingInitializeOnLoad (10ms)
				EditorAssembliesLoaded (0ms)
			ExecutionOrderSort2 (0ms)
			AwakeInstancesAfterBackupRestoration (13ms)
Platform modules already initialized, skipping
Refreshing native plugins compatible for Editor in 0.66 ms, found 3 plugins.
Preloading 0 native plugins for Editor in 0.00 ms.
Unloading 2194 Unused Serialized files (Serialized files now loaded: 0)
System memory in use before: 98.9 MB.
System memory in use after: 98.8 MB.

Unloading 23 unused Assets to reduce memory usage. Loaded Objects now: 2640.
Total: 4.324500 ms (FindLiveObjects: 0.230800 ms CreateObjectMapping: 0.116200 ms MarkObjects: 3.821500 ms  DeleteObjects: 0.154700 ms)

AssetImportParameters requested are different than current active one (requested -> active):
  custom:framework-win-MediaFoundation: 216162199b28c13a410421893ffa2e32 -> 
  custom:video-decoder-ogg-theora: a1e56fd34408186e4bbccfd4996cb3dc -> 
  custom:container-muxer-webm: aa71ff27fc2769a1b78a27578f13a17b -> 
  custom:container-demuxer-webm: 4f35f7cbe854078d1ac9338744f61a02 -> 
  custom:container-demuxer-ogg: 62fdf1f143b41e24485cea50d1cbac27 -> 
  custom:video-encoder-webm-vp8: eb34c28f22e8b96e1ab97ce403110664 -> 
  custom:video-decoder-webm-vp8: 9c59270c3fd7afecdb556c50c9e8de78 -> 
  custom:audio-decoder-ogg-vorbis: bf7c407c2cedff20999df2af8eb42d56 -> 
  custom:audio-encoder-webm-vorbis: bf7c407c2cedff20999df2af8eb42d56 -> 
========================================================================
Received Import Request.
  Time since last request: 101.719200 seconds.
  path: Assets/Scenes/SampleScene.unity
  artifactKey: Guid(2cda990e2423bbf4892e6590ba056729) Importer(815301076,1909f56bfc062723c751e8b465ee728b)
Start importing Assets/Scenes/SampleScene.unity using Guid(2cda990e2423bbf4892e6590ba056729) Importer(815301076,1909f56bfc062723c751e8b465ee728b)  -> (artifact id: '1333ee985c8b405feb81c7cbd2e221fc') in 0.038550 seconds 
  Import took 0.045231 seconds .

========================================================================
Received Import Request.
  Time since last request: 13.828725 seconds.
  path: Assets/Scenes/ShopScene.unity
  artifactKey: Guid(2cda990e2423bbf4892e6590ba056729) Importer(815301076,1909f56bfc062723c751e8b465ee728b)
Start importing Assets/Scenes/ShopScene.unity using Guid(2cda990e2423bbf4892e6590ba056729) Importer(815301076,1909f56bfc062723c751e8b465ee728b)  -> (artifact id: '6c79441129370965cd9e166b2ffa12d6') in 0.022985 seconds 
  Import took 0.035327 seconds .

========================================================================
Received Import Request.
  Time since last request: 64.288350 seconds.
  path: Assets/Scenes/GameScence.unity
  artifactKey: Guid(2c4a5454e3d96f3478fdd00c66f37f19) Importer(815301076,1909f56bfc062723c751e8b465ee728b)
Start importing Assets/Scenes/GameScence.unity using Guid(2c4a5454e3d96f3478fdd00c66f37f19) Importer(815301076,1909f56bfc062723c751e8b465ee728b)  -> (artifact id: '061db9389ca22a299d215a92d5760fd0') in 0.018359 seconds 
  Import took 0.029167 seconds .

========================================================================
Received Import Request.
  Time since last request: 7.853822 seconds.
  path: Assets/Scenes/GameScene.unity
  artifactKey: Guid(2c4a5454e3d96f3478fdd00c66f37f19) Importer(815301076,1909f56bfc062723c751e8b465ee728b)
Start importing Assets/Scenes/GameScene.unity using Guid(2c4a5454e3d96f3478fdd00c66f37f19) Importer(815301076,1909f56bfc062723c751e8b465ee728b)  -> (artifact id: 'd9820a0fad9ab5e5fceeafac83e02bdb') in 0.025730 seconds 
  Import took 0.038408 seconds .

========================================================================
Received Import Request.
  Time since last request: 242.988248 seconds.
  path: Assets/Font
  artifactKey: Guid(22700bfd8de7d9c489950d095d11f5ef) Importer(815301076,1909f56bfc062723c751e8b465ee728b)
Start importing Assets/Font using Guid(22700bfd8de7d9c489950d095d11f5ef) Importer(815301076,1909f56bfc062723c751e8b465ee728b)  -> (artifact id: '57d7ec1e486825f45b87e8fe968dc5ef') in 0.016066 seconds 
  Import took 0.024924 seconds .

========================================================================
Received Import Request.
  Time since last request: 15.377681 seconds.
  path: Assets/Font/Chunkfive.otf
  artifactKey: Guid(d813f4e2c8ce29e4e8d8d07ab9c3a4a9) Importer(815301076,1909f56bfc062723c751e8b465ee728b)
Start importing Assets/Font/Chunkfive.otf using Guid(d813f4e2c8ce29e4e8d8d07ab9c3a4a9) Importer(815301076,1909f56bfc062723c751e8b465ee728b)  -> (artifact id: '315554bbf2a9e08369681c7bd05b0871') in 0.134628 seconds 
  Import took 0.143293 seconds .

========================================================================
Received Import Request.
  Time since last request: 1403.350138 seconds.
  path: Assets/Scipts/GameControlScript.cs
  artifactKey: Guid(3b6d0c13cd2a13243a33ffaaca72bada) Importer(815301076,1909f56bfc062723c751e8b465ee728b)
Start importing Assets/Scipts/GameControlScript.cs using Guid(3b6d0c13cd2a13243a33ffaaca72bada) Importer(815301076,1909f56bfc062723c751e8b465ee728b)  -> (artifact id: 'd31bde2ddb1bc63eee5b83dfd7fe77ba') in 0.021041 seconds 
  Import took 0.034259 seconds .

========================================================================
Received Prepare
Registering precompiled user dll's ...
Registered in 0.013174 seconds.
Begin MonoManager ReloadAssembly
Native extension for WindowsStandalone target not found
Native extension for WebGL target not found
Refreshing native plugins compatible for Editor in 0.62 ms, found 3 plugins.
Preloading 0 native plugins for Editor in 0.00 ms.
Mono: successfully reloaded assembly
- Completed reload, in  1.660 seconds
Domain Reload Profiling:
	ReloadAssembly (1661ms)
		BeginReloadAssembly (190ms)
			ExecutionOrderSort (0ms)
			DisableScriptedObjects (9ms)
			BackupInstance (0ms)
			ReleaseScriptingObjects (0ms)
			CreateAndSetChildDomain (54ms)
		EndReloadAssembly (1373ms)
			LoadAssemblies (170ms)
			RebuildTransferFunctionScriptingTraits (0ms)
			SetupTypeCache (514ms)
			ReleaseScriptCaches (1ms)
			RebuildScriptCaches (68ms)
			SetupLoadedEditorAssemblies (482ms)
				LogAssemblyErrors (0ms)
				InitializePlatformSupportModulesInManaged (9ms)
				SetLoadedEditorAssemblies (1ms)
				RefreshPlugins (1ms)
				BeforeProcessingInitializeOnLoad (137ms)
				ProcessInitializeOnLoadAttributes (306ms)
				ProcessInitializeOnLoadMethodAttributes (17ms)
				AfterProcessingInitializeOnLoad (11ms)
				EditorAssembliesLoaded (0ms)
			ExecutionOrderSort2 (0ms)
			AwakeInstancesAfterBackupRestoration (14ms)
Platform modules already initialized, skipping
Refreshing native plugins compatible for Editor in 0.65 ms, found 3 plugins.
Preloading 0 native plugins for Editor in 0.00 ms.
Unloading 2195 Unused Serialized files (Serialized files now loaded: 0)
System memory in use before: 99.3 MB.
System memory in use after: 99.3 MB.

Unloading 23 unused Assets to reduce memory usage. Loaded Objects now: 2685.
Total: 4.302900 ms (FindLiveObjects: 0.245200 ms CreateObjectMapping: 0.160800 ms MarkObjects: 3.714800 ms  DeleteObjects: 0.180900 ms)

AssetImportParameters requested are different than current active one (requested -> active):
  custom:framework-win-MediaFoundation: 216162199b28c13a410421893ffa2e32 -> 
  custom:video-decoder-ogg-theora: a1e56fd34408186e4bbccfd4996cb3dc -> 
  custom:container-muxer-webm: aa71ff27fc2769a1b78a27578f13a17b -> 
  custom:container-demuxer-webm: 4f35f7cbe854078d1ac9338744f61a02 -> 
  custom:container-demuxer-ogg: 62fdf1f143b41e24485cea50d1cbac27 -> 
  custom:video-encoder-webm-vp8: eb34c28f22e8b96e1ab97ce403110664 -> 
  custom:video-decoder-webm-vp8: 9c59270c3fd7afecdb556c50c9e8de78 -> 
  custom:audio-decoder-ogg-vorbis: bf7c407c2cedff20999df2af8eb42d56 -> 
  custom:audio-encoder-webm-vorbis: bf7c407c2cedff20999df2af8eb42d56 -> 
========================================================================
Received Import Request.
  Time since last request: 36.933963 seconds.
  path: Assets/Scipts/ShopControlScript.cs
  artifactKey: Guid(5a07ca5f4abf3464680c9a278c6effaf) Importer(815301076,1909f56bfc062723c751e8b465ee728b)
Start importing Assets/Scipts/ShopControlScript.cs using Guid(5a07ca5f4abf3464680c9a278c6effaf) Importer(815301076,1909f56bfc062723c751e8b465ee728b)  -> (artifact id: '633c88c62c7975927ab54b1896286933') in 0.022244 seconds 
  Import took 0.030193 seconds .

========================================================================
Received Import Request.
  Time since last request: 2.471028 seconds.
  path: Assets/Scipts/MoveGirlScript.cs
  artifactKey: Guid(f3ab079cd64b61f46ab25b6974ae27ca) Importer(815301076,1909f56bfc062723c751e8b465ee728b)
Start importing Assets/Scipts/MoveGirlScript.cs using Guid(f3ab079cd64b61f46ab25b6974ae27ca) Importer(815301076,1909f56bfc062723c751e8b465ee728b)  -> (artifact id: 'c5cd02c13e927560a286ac711527e614') in 0.011782 seconds 
  Import took 0.019499 seconds .

========================================================================
Received Import Request.
  Time since last request: 698.974343 seconds.
  path: Assets/Scenes/GameScene.unity
  artifactKey: Guid(2c4a5454e3d96f3478fdd00c66f37f19) Importer(815301076,1909f56bfc062723c751e8b465ee728b)
Start importing Assets/Scenes/GameScene.unity using Guid(2c4a5454e3d96f3478fdd00c66f37f19) Importer(815301076,1909f56bfc062723c751e8b465ee728b)  -> (artifact id: '9a5b70df3689f42cbc5b2dc4e5acf405') in 0.032902 seconds 
  Import took 0.041842 seconds .

========================================================================
Received Import Request.
  Time since last request: 7.010291 seconds.
  path: Assets/Scenes/ShopScene.unity
  artifactKey: Guid(2cda990e2423bbf4892e6590ba056729) Importer(815301076,1909f56bfc062723c751e8b465ee728b)
Start importing Assets/Scenes/ShopScene.unity using Guid(2cda990e2423bbf4892e6590ba056729) Importer(815301076,1909f56bfc062723c751e8b465ee728b)  -> (artifact id: 'd6e1f53b6fd5cae19f34c2b894c4450b') in 0.008469 seconds 
  Import took 0.020146 seconds .

========================================================================
Received Prepare
Registering precompiled user dll's ...
Registered in 0.007675 seconds.
Begin MonoManager ReloadAssembly
Native extension for WindowsStandalone target not found
Native extension for WebGL target not found
Refreshing native plugins compatible for Editor in 0.66 ms, found 3 plugins.
Preloading 0 native plugins for Editor in 0.00 ms.
Mono: successfully reloaded assembly
- Completed reload, in  1.812 seconds
Domain Reload Profiling:
	ReloadAssembly (1813ms)
		BeginReloadAssembly (198ms)
			ExecutionOrderSort (0ms)
			DisableScriptedObjects (12ms)
			BackupInstance (0ms)
			ReleaseScriptingObjects (0ms)
			CreateAndSetChildDomain (60ms)
		EndReloadAssembly (1516ms)
			LoadAssemblies (164ms)
			RebuildTransferFunctionScriptingTraits (0ms)
			SetupTypeCache (506ms)
			ReleaseScriptCaches (1ms)
			RebuildScriptCaches (87ms)
			SetupLoadedEditorAssemblies (516ms)
				LogAssemblyErrors (0ms)
				InitializePlatformSupportModulesInManaged (9ms)
				SetLoadedEditorAssemblies (1ms)
				RefreshPlugins (1ms)
				BeforeProcessingInitializeOnLoad (141ms)
				ProcessInitializeOnLoadAttributes (337ms)
				ProcessInitializeOnLoadMethodAttributes (18ms)
				AfterProcessingInitializeOnLoad (10ms)
				EditorAssembliesLoaded (0ms)
			ExecutionOrderSort2 (0ms)
			AwakeInstancesAfterBackupRestoration (14ms)
Platform modules already initialized, skipping
Refreshing native plugins compatible for Editor in 0.82 ms, found 3 plugins.
Preloading 0 native plugins for Editor in 0.00 ms.
Unloading 2195 Unused Serialized files (Serialized files now loaded: 0)
System memory in use before: 99.4 MB.
System memory in use after: 99.3 MB.

Unloading 23 unused Assets to reduce memory usage. Loaded Objects now: 2687.
Total: 6.215000 ms (FindLiveObjects: 0.305500 ms CreateObjectMapping: 0.158900 ms MarkObjects: 5.572000 ms  DeleteObjects: 0.176700 ms)

AssetImportParameters requested are different than current active one (requested -> active):
  custom:framework-win-MediaFoundation: 216162199b28c13a410421893ffa2e32 -> 
  custom:video-decoder-ogg-theora: a1e56fd34408186e4bbccfd4996cb3dc -> 
  custom:container-muxer-webm: aa71ff27fc2769a1b78a27578f13a17b -> 
  custom:container-demuxer-webm: 4f35f7cbe854078d1ac9338744f61a02 -> 
  custom:container-demuxer-ogg: 62fdf1f143b41e24485cea50d1cbac27 -> 
  custom:video-encoder-webm-vp8: eb34c28f22e8b96e1ab97ce403110664 -> 
  custom:video-decoder-webm-vp8: 9c59270c3fd7afecdb556c50c9e8de78 -> 
  custom:audio-decoder-ogg-vorbis: bf7c407c2cedff20999df2af8eb42d56 -> 
  custom:audio-encoder-webm-vorbis: bf7c407c2cedff20999df2af8eb42d56 -> 
========================================================================
Received Prepare
Registering precompiled user dll's ...
Registered in 0.004881 seconds.
Begin MonoManager ReloadAssembly
Native extension for WindowsStandalone target not found
Native extension for WebGL target not found
Refreshing native plugins compatible for Editor in 0.65 ms, found 3 plugins.
Preloading 0 native plugins for Editor in 0.00 ms.
Mono: successfully reloaded assembly
- Completed reload, in  1.607 seconds
Domain Reload Profiling:
	ReloadAssembly (1607ms)
		BeginReloadAssembly (187ms)
			ExecutionOrderSort (0ms)
			DisableScriptedObjects (10ms)
			BackupInstance (0ms)
			ReleaseScriptingObjects (0ms)
			CreateAndSetChildDomain (51ms)
		EndReloadAssembly (1322ms)
			LoadAssemblies (163ms)
			RebuildTransferFunctionScriptingTraits (0ms)
			SetupTypeCache (452ms)
			ReleaseScriptCaches (2ms)
			RebuildScriptCaches (102ms)
			SetupLoadedEditorAssemblies (469ms)
				LogAssemblyErrors (0ms)
				InitializePlatformSupportModulesInManaged (8ms)
				SetLoadedEditorAssemblies (1ms)
				RefreshPlugins (1ms)
				BeforeProcessingInitializeOnLoad (127ms)
				ProcessInitializeOnLoadAttributes (304ms)
				ProcessInitializeOnLoadMethodAttributes (17ms)
				AfterProcessingInitializeOnLoad (11ms)
				EditorAssembliesLoaded (0ms)
			ExecutionOrderSort2 (0ms)
			AwakeInstancesAfterBackupRestoration (14ms)
Platform modules already initialized, skipping
Refreshing native plugins compatible for Editor in 0.98 ms, found 3 plugins.
Preloading 0 native plugins for Editor in 0.00 ms.
Unloading 2195 Unused Serialized files (Serialized files now loaded: 0)
System memory in use before: 99.4 MB.
System memory in use after: 99.3 MB.

Unloading 23 unused Assets to reduce memory usage. Loaded Objects now: 2689.
Total: 4.537600 ms (FindLiveObjects: 0.253000 ms CreateObjectMapping: 0.256100 ms MarkObjects: 3.868400 ms  DeleteObjects: 0.159000 ms)

AssetImportParameters requested are different than current active one (requested -> active):
  custom:framework-win-MediaFoundation: 216162199b28c13a410421893ffa2e32 -> 
  custom:video-decoder-ogg-theora: a1e56fd34408186e4bbccfd4996cb3dc -> 
  custom:container-muxer-webm: aa71ff27fc2769a1b78a27578f13a17b -> 
  custom:container-demuxer-webm: 4f35f7cbe854078d1ac9338744f61a02 -> 
  custom:container-demuxer-ogg: 62fdf1f143b41e24485cea50d1cbac27 -> 
  custom:video-encoder-webm-vp8: eb34c28f22e8b96e1ab97ce403110664 -> 
  custom:video-decoder-webm-vp8: 9c59270c3fd7afecdb556c50c9e8de78 -> 
  custom:audio-decoder-ogg-vorbis: bf7c407c2cedff20999df2af8eb42d56 -> 
  custom:audio-encoder-webm-vorbis: bf7c407c2cedff20999df2af8eb42d56 -> 
AssetImportWorkerClient::OnTransportError - code=2 error=End of file
